  Calculated metric MDS in 58.80 seconds.
Calculated PHATE in 87.86 seconds.
  Calculated metric MDS in 58.86 seconds.
Calculated PHATE in 88.25 seconds.
Calculating PHATE...
Calculating PHATE...
  Running PHATE on 1043 observations and 631634 variables.
  Running PHATE on 1043 observations and 631634 variables.
  Calculating graph and diffusion operator...
  Calculating graph and diffusion operator...
    Calculating PCA...
    Calculating PCA...
    Calculated PCA in 25.89 seconds.
    Calculating KNN search...
Calculating PHATE...
  Running PHATE on 1043 observations and 631634 variables.
  Calculating graph and diffusion operator...
    Calculating PCA...
    Calculated KNN search in 0.12 seconds.
    Calculating affinities...
    Calculated affinities in 0.02 seconds.
  Calculated graph and diffusion operator in 26.03 seconds.
  Calculating optimal t...
    Automatically selected t = 66
  Calculated optimal t in 0.24 seconds.
  Calculating diffusion potential...
  Calculated diffusion potential in 0.05 seconds.
  Calculating metric MDS...
Calculating PHATE...
  Running PHATE on 1043 observations and 631634 variables.
  Calculating graph and diffusion operator...
    Calculating PCA...
Calculating PHATE...
  Running PHATE on 1043 observations and 631634 variables.
  Calculating graph and diffusion operator...
    Calculating PCA...
Calculating PHATE...
  Running PHATE on 1043 observations and 631634 variables.
  Calculating graph and diffusion operator...
    Calculating PCA...
Calculating PHATE...
    Calculated PCA in 24.84 seconds.
    Calculating KNN search...
  Running PHATE on 1043 observations and 631634 variables.
  Calculating graph and diffusion operator...
    Calculating PCA...
    Calculated KNN search in 0.12 seconds.
    Calculating affinities...
    Calculated affinities in 0.02 seconds.
  Calculated graph and diffusion operator in 24.98 seconds.
  Calculating optimal t...
    Calculated PCA in 24.17 seconds.
    Calculating KNN search...
    Calculated KNN search in 0.11 seconds.
    Calculating affinities...
  Calculated metric MDS in 57.55 seconds.
Calculated PHATE in 86.77 seconds.
    Calculated affinities in 0.02 seconds.
    Automatically selected t = 68
  Calculated optimal t in 0.24 seconds.
  Calculating diffusion potential...
  Calculated graph and diffusion operator in 24.31 seconds.
  Calculating optimal t...
  Calculated diffusion potential in 0.05 seconds.
  Calculating metric MDS...
    Calculated PCA in 27.98 seconds.
    Calculating KNN search...
    Automatically selected t = 6
  Calculated optimal t in 0.24 seconds.
  Calculating diffusion potential...
  Calculated diffusion potential in 0.02 seconds.
  Calculating metric MDS...
    Calculated KNN search in 0.13 seconds.
    Calculating affinities...
  Calculated metric MDS in 53.08 seconds.
Calculated PHATE in 90.18 seconds.
    Calculated affinities in 0.02 seconds.
  Calculated graph and diffusion operator in 28.14 seconds.
  Calculating optimal t...
    Automatically selected t = 61
  Calculated optimal t in 0.26 seconds.
  Calculating diffusion potential...
  Calculated diffusion potential in 0.07 seconds.
  Calculating metric MDS...
Calculating PHATE...
  Running PHATE on 1043 observations and 631634 variables.
  Calculating graph and diffusion operator...
    Calculating PCA...
    Calculated PCA in 27.24 seconds.
    Calculating KNN search...
  Calculated metric MDS in 60.31 seconds.
Calculated PHATE in 92.40 seconds.
    Calculated KNN search in 0.13 seconds.
    Calculating affinities...
    Calculated affinities in 0.01 seconds.
  Calculated graph and diffusion operator in 27.39 seconds.
  Calculating optimal t...
  Calculated metric MDS in 60.58 seconds.
Calculated PHATE in 92.64 seconds.
    Automatically selected t = 6
  Calculated optimal t in 0.28 seconds.
  Calculating diffusion potential...
  Calculated diffusion potential in 0.02 seconds.
  Calculating metric MDS...
Calculating PHATE...
  Running PHATE on 1043 observations and 631634 variables.
  Calculating graph and diffusion operator...
    Calculating PCA...
  Calculated metric MDS in 47.01 seconds.
Calculated PHATE in 91.96 seconds.
Calculating PHATE...
  Running PHATE on 1043 observations and 631634 variables.
  Calculating graph and diffusion operator...
    Calculating PCA...
    Calculated PCA in 24.43 seconds.
    Calculating KNN search...
    Calculated KNN search in 0.13 seconds.
    Calculating affinities...
    Calculated affinities in 0.02 seconds.
  Calculated graph and diffusion operator in 24.58 seconds.
  Calculating optimal t...
    Automatically selected t = 9
  Calculated optimal t in 0.23 seconds.
  Calculating diffusion potential...
  Calculated diffusion potential in 0.03 seconds.
  Calculating metric MDS...
  Calculated metric MDS in 53.87 seconds.
Calculated PHATE in 94.15 seconds.
  Calculated metric MDS in 66.64 seconds.
Calculated PHATE in 95.88 seconds.
    Calculated PCA in 25.73 seconds.
    Calculating KNN search...
  Calculated metric MDS in 65.04 seconds.
Calculated PHATE in 96.57 seconds.
    Calculated KNN search in 0.13 seconds.
    Calculating affinities...
    Calculated affinities in 0.02 seconds.
  Calculated graph and diffusion operator in 25.89 seconds.
  Calculating optimal t...
    Automatically selected t = 66
  Calculated optimal t in 0.26 seconds.
  Calculating diffusion potential...
  Calculated diffusion potential in 0.05 seconds.
  Calculating metric MDS...
  Calculated metric MDS in 67.02 seconds.
Calculated PHATE in 96.23 seconds.
  Calculated metric MDS in 58.19 seconds.
Calculated PHATE in 96.39 seconds.
  Calculated metric MDS in 49.44 seconds.
Calculated PHATE in 97.47 seconds.
    Calculated PCA in 24.93 seconds.
    Calculating KNN search...
    Calculated KNN search in 0.15 seconds.
    Calculating affinities...
    Calculated affinities in 0.02 seconds.
    Calculated PCA in 24.47 seconds.
    Calculating KNN search...
  Calculated graph and diffusion operator in 25.11 seconds.
  Calculating optimal t...
    Calculated KNN search in 0.12 seconds.
    Calculating affinities...
    Calculated affinities in 0.02 seconds.
  Calculated graph and diffusion operator in 24.62 seconds.
  Calculating optimal t...
    Automatically selected t = 5
  Calculated optimal t in 0.26 seconds.
  Calculating diffusion potential...
  Calculated diffusion potential in 0.03 seconds.
  Calculating metric MDS...
    Automatically selected t = 9
  Calculated optimal t in 0.24 seconds.
  Calculating diffusion potential...
  Calculated diffusion potential in 0.03 seconds.
  Calculating metric MDS...
  Calculated metric MDS in 66.50 seconds.
Calculated PHATE in 99.67 seconds.
  Calculated metric MDS in 65.32 seconds.
Calculated PHATE in 98.99 seconds.
    Calculated PCA in 28.27 seconds.
    Calculating KNN search...
  Calculated metric MDS in 69.09 seconds.
Calculated PHATE in 101.61 seconds.
    Calculated PCA in 28.37 seconds.
    Calculating KNN search...
    Calculated KNN search in 0.15 seconds.
    Calculating affinities...
    Calculated affinities in 0.02 seconds.
  Calculated graph and diffusion operator in 28.44 seconds.
  Calculating optimal t...
    Calculated KNN search in 0.14 seconds.
    Calculating affinities...
    Calculated affinities in 0.01 seconds.
  Calculated graph and diffusion operator in 28.53 seconds.
  Calculating optimal t...
    Automatically selected t = 6
  Calculated optimal t in 0.27 seconds.
  Calculating diffusion potential...
  Calculated diffusion potential in 0.03 seconds.
  Calculating metric MDS...
    Automatically selected t = 65
  Calculated optimal t in 0.28 seconds.
  Calculating diffusion potential...
  Calculated diffusion potential in 0.05 seconds.
  Calculating metric MDS...
  Calculated metric MDS in 70.27 seconds.
Calculated PHATE in 102.75 seconds.
    Calculated PCA in 25.98 seconds.
    Calculating KNN search...
    Calculated PCA in 26.89 seconds.
    Calculating KNN search...
    Calculated KNN search in 0.13 seconds.
    Calculating affinities...
    Calculated affinities in 0.02 seconds.
  Calculated graph and diffusion operator in 26.13 seconds.
  Calculating optimal t...
    Calculated KNN search in 0.14 seconds.
    Calculating affinities...
    Calculated affinities in 0.02 seconds.
  Calculated graph and diffusion operator in 27.06 seconds.
  Calculating optimal t...
    Calculated PCA in 26.22 seconds.
    Calculating KNN search...
    Calculated KNN search in 0.11 seconds.
    Calculating affinities...
    Calculated affinities in 0.02 seconds.
  Calculated graph and diffusion operator in 26.35 seconds.
  Calculating optimal t...
    Automatically selected t = 7
  Calculated optimal t in 0.24 seconds.
  Calculating diffusion potential...
  Calculated diffusion potential in 0.03 seconds.
  Calculating metric MDS...
    Calculated PCA in 25.35 seconds.
    Calculating KNN search...
    Automatically selected t = 69
  Calculated optimal t in 0.26 seconds.
  Calculating diffusion potential...
  Calculated diffusion potential in 0.05 seconds.
  Calculating metric MDS...
    Calculated KNN search in 0.12 seconds.
    Calculating affinities...
    Calculated affinities in 0.01 seconds.
  Calculated graph and diffusion operator in 25.49 seconds.
  Calculating optimal t...
    Calculated PCA in 24.59 seconds.
    Calculating KNN search...
    Automatically selected t = 9
  Calculated optimal t in 0.23 seconds.
  Calculating diffusion potential...
  Calculated diffusion potential in 0.03 seconds.
  Calculating metric MDS...
    Calculated KNN search in 0.13 seconds.
    Calculating affinities...
    Calculated affinities in 0.01 seconds.
  Calculated graph and diffusion operator in 24.74 seconds.
  Calculating optimal t...
    Automatically selected t = 61
  Calculated optimal t in 0.24 seconds.
  Calculating diffusion potential...
  Calculated diffusion potential in 0.06 seconds.
  Calculating metric MDS...
    Automatically selected t = 6
  Calculated optimal t in 0.28 seconds.
  Calculating diffusion potential...
  Calculated diffusion potential in 0.02 seconds.
  Calculating metric MDS...
    Calculated PCA in 25.06 seconds.
    Calculating KNN search...
    Calculated KNN search in 0.12 seconds.
    Calculating affinities...
    Calculated affinities in 0.02 seconds.
  Calculated graph and diffusion operator in 25.20 seconds.
  Calculating optimal t...
    Automatically selected t = 64
  Calculated optimal t in 0.24 seconds.
  Calculating diffusion potential...
  Calculated diffusion potential in 0.04 seconds.
  Calculating metric MDS...
  Calculated metric MDS in 74.50 seconds.
Calculated PHATE in 105.92 seconds.
  Calculated metric MDS in 66.55 seconds.
Calculated PHATE in 106.69 seconds.
  Calculated metric MDS in 15.92 seconds.
Calculated PHATE in 43.62 seconds.
  Calculated metric MDS in 67.78 seconds.
Calculated PHATE in 107.28 seconds.
    Calculated PCA in 24.89 seconds.
    Calculating KNN search...
  Calculated metric MDS in 66.61 seconds.
Calculated PHATE in 106.93 seconds.
    Calculated PCA in 28.27 seconds.
    Calculating KNN search...
    Calculated KNN search in 0.13 seconds.
    Calculating affinities...
    Calculated affinities in 0.01 seconds.
  Calculated graph and diffusion operator in 25.03 seconds.
  Calculating optimal t...
    Calculated KNN search in 0.14 seconds.
    Calculating affinities...
    Calculated affinities in 0.02 seconds.
  Calculated graph and diffusion operator in 28.43 seconds.
  Calculating optimal t...
    Automatically selected t = 7
  Calculated optimal t in 0.24 seconds.
  Calculating diffusion potential...
  Calculated metric MDS in 70.74 seconds.
Calculated PHATE in 108.31 seconds.
  Calculated diffusion potential in 0.03 seconds.
  Calculating metric MDS...
    Automatically selected t = 7
  Calculated optimal t in 0.31 seconds.
  Calculating diffusion potential...
  Calculated diffusion potential in 0.03 seconds.
  Calculating metric MDS...
    Calculated PCA in 25.70 seconds.
    Calculating KNN search...
    Calculated KNN search in 0.14 seconds.
    Calculating affinities...
    Calculated affinities in 0.01 seconds.
  Calculated graph and diffusion operator in 25.85 seconds.
  Calculating optimal t...
    Automatically selected t = 7
  Calculated optimal t in 0.26 seconds.
  Calculating diffusion potential...
    Calculated PCA in 24.55 seconds.
    Calculating KNN search...
  Calculated diffusion potential in 0.03 seconds.
  Calculating metric MDS...
    Calculated KNN search in 0.13 seconds.
    Calculating affinities...
    Calculated affinities in 0.02 seconds.
  Calculated graph and diffusion operator in 24.71 seconds.
  Calculating optimal t...
    Automatically selected t = 52
  Calculated optimal t in 0.24 seconds.
  Calculating diffusion potential...
  Calculated diffusion potential in 0.05 seconds.
  Calculating metric MDS...
  Calculated metric MDS in 20.74 seconds.
Calculated PHATE in 45.32 seconds.
    Calculated PCA in 25.49 seconds.
    Calculating KNN search...
    Calculated KNN search in 0.12 seconds.
    Calculating affinities...
    Calculated affinities in 0.01 seconds.
  Calculated graph and diffusion operator in 25.63 seconds.
  Calculating optimal t...
    Automatically selected t = 46
  Calculated optimal t in 0.24 seconds.
  Calculating diffusion potential...
  Calculated diffusion potential in 0.05 seconds.
  Calculating metric MDS...
    Calculated PCA in 25.10 seconds.
    Calculating KNN search...
    Calculated KNN search in 0.12 seconds.
    Calculating affinities...
    Calculated affinities in 0.02 seconds.
  Calculated graph and diffusion operator in 25.25 seconds.
  Calculating optimal t...
    Calculated PCA in 24.85 seconds.
    Calculating KNN search...
    Automatically selected t = 8
  Calculated optimal t in 0.24 seconds.
  Calculating diffusion potential...
    Calculated PCA in 24.51 seconds.
    Calculating KNN search...
  Calculated diffusion potential in 0.02 seconds.
  Calculating metric MDS...
    Calculated KNN search in 0.12 seconds.
    Calculating affinities...
    Calculated affinities in 0.02 seconds.
  Calculated graph and diffusion operator in 25.00 seconds.
  Calculating optimal t...
    Calculated KNN search in 0.13 seconds.
    Calculating affinities...
    Calculated affinities in 0.01 seconds.
  Calculated graph and diffusion operator in 24.65 seconds.
  Calculating optimal t...
    Calculated PCA in 25.72 seconds.
    Calculating KNN search...
    Automatically selected t = 10
  Calculated optimal t in 0.25 seconds.
  Calculating diffusion potential...
    Calculated KNN search in 0.11 seconds.
    Calculating affinities...
  Calculated diffusion potential in 0.03 seconds.
  Calculating metric MDS...
    Calculated affinities in 0.02 seconds.
  Calculated graph and diffusion operator in 25.85 seconds.
  Calculating optimal t...
    Automatically selected t = 9
  Calculated optimal t in 0.23 seconds.
  Calculating diffusion potential...
  Calculated diffusion potential in 0.03 seconds.
  Calculating metric MDS...
    Automatically selected t = 6
  Calculated optimal t in 0.24 seconds.
  Calculating diffusion potential...
  Calculated diffusion potential in 0.03 seconds.
  Calculating metric MDS...
    Calculated PCA in 26.55 seconds.
    Calculating KNN search...
    Calculated PCA in 26.55 seconds.
    Calculating KNN search...
    Calculated KNN search in 0.12 seconds.
    Calculating affinities...
    Calculated KNN search in 0.12 seconds.
    Calculating affinities...
    Calculated affinities in 0.01 seconds.
  Calculated graph and diffusion operator in 26.69 seconds.
    Calculated affinities in 0.01 seconds.
  Calculated graph and diffusion operator in 26.69 seconds.
  Calculating optimal t...
  Calculating optimal t...
    Automatically selected t = 10
  Calculated optimal t in 0.24 seconds.
  Calculating diffusion potential...
    Automatically selected t = 7
  Calculated optimal t in 0.24 seconds.
  Calculating diffusion potential...
  Calculated diffusion potential in 0.03 seconds.
  Calculating metric MDS...
  Calculated diffusion potential in 0.03 seconds.
  Calculating metric MDS...
    Calculated PCA in 26.17 seconds.
    Calculating KNN search...
    Calculated KNN search in 0.14 seconds.
    Calculating affinities...
    Calculated affinities in 0.01 seconds.
  Calculated graph and diffusion operator in 26.32 seconds.
  Calculating optimal t...
    Automatically selected t = 54
  Calculated optimal t in 0.24 seconds.
  Calculating diffusion potential...
  Calculated diffusion potential in 0.05 seconds.
  Calculating metric MDS...
    Calculated PCA in 28.27 seconds.
    Calculating KNN search...
    Calculated KNN search in 0.14 seconds.
    Calculating affinities...
    Calculated affinities in 0.02 seconds.
  Calculated graph and diffusion operator in 28.43 seconds.
  Calculating optimal t...
    Calculated PCA in 24.81 seconds.
    Calculating KNN search...
    Automatically selected t = 6
  Calculated optimal t in 0.28 seconds.
  Calculating diffusion potential...
  Calculated diffusion potential in 0.03 seconds.
  Calculating metric MDS...
    Calculated KNN search in 0.13 seconds.
    Calculating affinities...
    Calculated affinities in 0.01 seconds.
  Calculated graph and diffusion operator in 24.95 seconds.
  Calculating optimal t...
    Automatically selected t = 55
  Calculated optimal t in 0.24 seconds.
  Calculating diffusion potential...
  Calculated diffusion potential in 0.06 seconds.
  Calculating metric MDS...
  Calculated metric MDS in 25.29 seconds.
Calculated PHATE in 50.14 seconds.
  Calculated metric MDS in 77.09 seconds.
Calculated PHATE in 119.40 seconds.
  Calculated metric MDS in 88.21 seconds.
Calculated PHATE in 121.86 seconds.
  Calculated metric MDS in 79.93 seconds.
Calculated PHATE in 122.95 seconds.
  Calculated metric MDS in 80.34 seconds.
Calculated PHATE in 121.23 seconds.
  Calculated metric MDS in 42.92 seconds.
Calculated PHATE in 67.85 seconds.
    Calculated PCA in 35.29 seconds.
    Calculating KNN search...
    Calculated KNN search in 0.15 seconds.
    Calculating affinities...
    Calculated affinities in 0.02 seconds.
  Calculated graph and diffusion operator in 35.46 seconds.
  Calculating optimal t...
    Automatically selected t = 59
  Calculated optimal t in 0.32 seconds.
  Calculating diffusion potential...
  Calculated diffusion potential in 0.07 seconds.
  Calculating metric MDS...
  Calculated metric MDS in 25.17 seconds.
Calculated PHATE in 51.79 seconds.
  Calculated metric MDS in 20.67 seconds.
Calculated PHATE in 46.01 seconds.
  Calculated metric MDS in 92.45 seconds.
Calculated PHATE in 129.98 seconds.
  Calculated metric MDS in 47.11 seconds.
Calculated PHATE in 71.54 seconds.
  Calculated metric MDS in 31.09 seconds.
Calculated PHATE in 56.00 seconds.
  Calculated metric MDS in 27.39 seconds.
Calculated PHATE in 52.44 seconds.
  Calculated metric MDS in 18.01 seconds.
Calculated PHATE in 44.97 seconds.
  Calculated metric MDS in 33.27 seconds.
Calculated PHATE in 62.14 seconds.
  Calculated metric MDS in 25.15 seconds.
Calculated PHATE in 50.15 seconds.
  Calculated metric MDS in 24.55 seconds.
Calculated PHATE in 49.47 seconds.
  Calculated metric MDS in 49.55 seconds.
Calculated PHATE in 75.88 seconds.
  Calculated metric MDS in 39.45 seconds.
Calculated PHATE in 64.86 seconds.
  Calculated metric MDS in 92.48 seconds.
Calculated PHATE in 139.66 seconds.
  Calculated metric MDS in 52.42 seconds.
Calculated PHATE in 77.71 seconds.
  Calculated metric MDS in 30.12 seconds.
Calculated PHATE in 55.40 seconds.
  Calculated metric MDS in 99.21 seconds.
Calculated PHATE in 142.68 seconds.
  Calculated metric MDS in 96.95 seconds.
Calculated PHATE in 142.40 seconds.
  Calculated metric MDS in 28.44 seconds.
Calculated PHATE in 55.40 seconds.
  Calculated metric MDS in 44.53 seconds.
Calculated PHATE in 70.94 seconds.
  Calculated metric MDS in 44.64 seconds.
Calculated PHATE in 70.43 seconds.
  Calculated metric MDS in 41.14 seconds.
Calculated PHATE in 66.66 seconds.
  Calculated metric MDS in 44.57 seconds.
Calculated PHATE in 73.36 seconds.
  Calculated metric MDS in 57.81 seconds.
Calculated PHATE in 84.06 seconds.
  Calculated metric MDS in 63.81 seconds.
Calculated PHATE in 92.28 seconds.
  Calculated metric MDS in 48.88 seconds.
Calculated PHATE in 74.37 seconds.
  Calculated metric MDS in 53.09 seconds.
Calculated PHATE in 81.84 seconds.
  Calculated metric MDS in 39.71 seconds.
Calculated PHATE in 66.34 seconds.
  Calculated metric MDS in 47.89 seconds.
Calculated PHATE in 74.05 seconds.
  Calculated metric MDS in 40.40 seconds.
Calculated PHATE in 69.15 seconds.
  Calculated metric MDS in 55.65 seconds.
Calculated PHATE in 83.03 seconds.
  Calculated metric MDS in 47.95 seconds.
Calculated PHATE in 73.91 seconds.
  Calculated metric MDS in 43.59 seconds.
Calculated PHATE in 68.85 seconds.
  Calculated metric MDS in 48.87 seconds.
Calculated PHATE in 75.01 seconds.
  Calculated metric MDS in 55.26 seconds.
Calculated PHATE in 91.12 seconds.
  Calculated metric MDS in 127.24 seconds.
Calculated PHATE in 193.76 seconds.
